Elapsed time is 510.128812 seconds.

ans = 

  <a href="matlab:helpPopup struct" style="font-weight:bold">struct</a> with fields:

     filename: '20171117T155350'
     workpath: '~/methods2models'
    storepath: '~/methods2models'
     username: 'johndoe'
        input: [1×1 struct]
     data_gen: [1×1 struct]
     analysis: [1×1 struct]

clc
X = [0.2 0.4 0.4];
labels = {'Taxes','Expenses','Profit'};
pie(X,labels)
title('2012');
X=[14/495,27/495,13/495,441/495]

X =

    0.0283    0.0545    0.0263    0.8909

labels={'Daten','AllState','Kombinat','Wanderlust'};
pie(X,labels)
clc
open M2M_biovarianceP.m
% matlab2tikz('biologicalvariance.tex','standalone',true, 'height', '\fheight', 'width', '\fwidth','floatFormat','%.3g' )
% matlab2tikz('biologicalvariance.tex','standalone',true, 'height', '\fheight', 'width', '\fwidth','floatFormat','%.3g' )
matlab2tikz('pie_wanderlust.tex','height', '\fheight', 'width', '\fwidth','floatFormat','%.3g' )
 *** (To disable info messages, pass ['showInfo', false] to matlab2tikz.)
 *** (For all other options, type 'help matlab2tikz'.)
 *** 
 *** 
 *** This is matlab2tikz v1.1.0.
 *** 
 *** The latest developments can be retrieved from <a href="https://github.com/matlab2tikz/matlab2tikz/tree/develop">our development branch</a>.
 *** You can find more documentation on <a href="https://github.com/matlab2tikz/matlab2tikz">our GitHub page</a> and <a href="https://github.com/matlab2tikz/matlab2tikz/wiki">wiki</a>.
 *** If you encounter bugs or want a new feature, go to <a href="https://github.com/matlab2tikz/matlab2tikz/issues">our issue tracker</a>.
 *** Please visit <a href="http://www.mathworks.com/matlabcentral/fileexchange/22022-matlab2tikz-matlab2tikz">FileExchange</a> to rate matlab2tikz or download the stable release.
 *** 
 *** You will need pgfplots version 1.3 or newer to compile the TikZ output.
clc
X=[14/495,27/495,13/495,441/495]

X =

    0.0283    0.0545    0.0263    0.8909

pie(X,labels)
pie(X)
clc
matlab2tikz('pie_wanderlust.tex','height', '\fheight', 'width', '\fwidth','floatFormat','%.3g' )
 *** (To disable info messages, pass ['showInfo', false] to matlab2tikz.)
 *** (For all other options, type 'help matlab2tikz'.)
 *** 
 *** 
 *** This is matlab2tikz v1.1.0.
 *** 
 *** The latest developments can be retrieved from <a href="https://github.com/matlab2tikz/matlab2tikz/tree/develop">our development branch</a>.
 *** You can find more documentation on <a href="https://github.com/matlab2tikz/matlab2tikz">our GitHub page</a> and <a href="https://github.com/matlab2tikz/matlab2tikz/wiki">wiki</a>.
 *** If you encounter bugs or want a new feature, go to <a href="https://github.com/matlab2tikz/matlab2tikz/issues">our issue tracker</a>.
 *** Please visit <a href="http://www.mathworks.com/matlabcentral/fileexchange/22022-matlab2tikz-matlab2tikz">FileExchange</a> to rate matlab2tikz or download the stable release.
 *** 
 *** You will need pgfplots version 1.3 or newer to compile the TikZ output.
IdleTimeout has been reached.
Parallel pool using the 'local' profile is shutting down.
clc
clc
cd

/home/robin/bwSyncAndShare/Masterarbeit/fig

exit
